  Building Custom Rule C:/Users/WeiXi/OneDrive/桌面/SPlisHSPlasH-master/Tools/PartioViewer/CMakeLists.txt
  main.cpp
  PartioViewer.cpp
  PartioViewer_OpenGL.cpp
  PartioViewer_GUI_TweakBar.cpp
  toojpeg.cpp
  MiniGL.cpp
  Shader.cpp
  TweakBarParameters.cpp
C:\Users\WeiXi\OneDrive\桌面\SPlisHSPlasH-master\extern\toojpeg\toojpeg.cpp(637): warning C4244: “参数”: 从“int”转换到“float”，可能丢失数据 (编译源文件 C:\Users\WeiXi\OneDrive\桌面\SPlisHSPlasH-master\extern\toojpeg\toojpeg.cpp)
C:\Users\WeiXi\OneDrive\桌面\SPlisHSPlasH-master\extern\toojpeg\toojpeg.cpp(638): warning C4244: “参数”: 从“int”转换到“float”，可能丢失数据 (编译源文件 C:\Users\WeiXi\OneDrive\桌面\SPlisHSPlasH-master\extern\toojpeg\toojpeg.cpp)
C:\Users\WeiXi\OneDrive\桌面\SPlisHSPlasH-master\GUI\OpenGL\MiniGL.cpp(678): warning C4018: “<”: 有符号/无符号不匹配 (编译源文件 C:\Users\WeiXi\OneDrive\桌面\SPlisHSPlasH-master\GUI\OpenGL\MiniGL.cpp)
C:\Users\WeiXi\OneDrive\桌面\SPlisHSPlasH-master\GUI\OpenGL\MiniGL.cpp(715): warning C4018: “<”: 有符号/无符号不匹配 (编译源文件 C:\Users\WeiXi\OneDrive\桌面\SPlisHSPlasH-master\GUI\OpenGL\MiniGL.cpp)
C:\Users\WeiXi\OneDrive\桌面\SPlisHSPlasH-master\GUI\OpenGL\MiniGL.cpp(746): warning C4018: “<”: 有符号/无符号不匹配 (编译源文件 C:\Users\WeiXi\OneDrive\桌面\SPlisHSPlasH-master\GUI\OpenGL\MiniGL.cpp)
C:\Users\WeiXi\OneDrive\桌面\SPlisHSPlasH-master\GUI\OpenGL\MiniGL.cpp(758): warning C4018: “<”: 有符号/无符号不匹配 (编译源文件 C:\Users\WeiXi\OneDrive\桌面\SPlisHSPlasH-master\GUI\OpenGL\MiniGL.cpp)
C:\Users\WeiXi\OneDrive\桌面\SPlisHSPlasH-master\GUI\OpenGL\MiniGL.cpp(874): warning C4018: “<”: 有符号/无符号不匹配 (编译源文件 C:\Users\WeiXi\OneDrive\桌面\SPlisHSPlasH-master\GUI\OpenGL\MiniGL.cpp)
C:\Users\WeiXi\OneDrive\桌面\SPlisHSPlasH-master\GUI\OpenGL\MiniGL.cpp(913): warning C4018: “<”: 有符号/无符号不匹配 (编译源文件 C:\Users\WeiXi\OneDrive\桌面\SPlisHSPlasH-master\GUI\OpenGL\MiniGL.cpp)
C:\Users\WeiXi\OneDrive\桌面\SPlisHSPlasH-master\GUI\OpenGL\MiniGL.cpp(928): warning C4018: “<”: 有符号/无符号不匹配 (编译源文件 C:\Users\WeiXi\OneDrive\桌面\SPlisHSPlasH-master\GUI\OpenGL\MiniGL.cpp)
C:\Users\WeiXi\OneDrive\桌面\SPlisHSPlasH-master\extern/cxxopts/cxxopts.hpp : warning C4819: 该文件包含不能在当前代码页(936)中表示的字符。请将该文件保存为 Unicode 格式以防止数据丢失 (编译源文件 C:\Users\WeiXi\OneDrive\桌面\SPlisHSPlasH-master\Tools\PartioViewer\GUI\TweakBar\PartioViewer_GUI_TweakBar.cpp)
C:\Users\WeiXi\OneDrive\桌面\SPlisHSPlasH-master\extern/cxxopts/cxxopts.hpp : warning C4819: 该文件包含不能在当前代码页(936)中表示的字符。请将该文件保存为 Unicode 格式以防止数据丢失 (编译源文件 C:\Users\WeiXi\OneDrive\桌面\SPlisHSPlasH-master\Tools\PartioViewer\PartioViewer.cpp)
C:\Users\WeiXi\OneDrive\桌面\SPlisHSPlasH-master\extern/cxxopts/cxxopts.hpp : warning C4819: 该文件包含不能在当前代码页(936)中表示的字符。请将该文件保存为 Unicode 格式以防止数据丢失 (编译源文件 C:\Users\WeiXi\OneDrive\桌面\SPlisHSPlasH-master\Tools\PartioViewer\GUI\OpenGL\PartioViewer_OpenGL.cpp)
C:\Users\WeiXi\OneDrive\桌面\SPlisHSPlasH-master\extern/cxxopts/cxxopts.hpp : warning C4819: 该文件包含不能在当前代码页(936)中表示的字符。请将该文件保存为 Unicode 格式以防止数据丢失 (编译源文件 C:\Users\WeiXi\OneDrive\桌面\SPlisHSPlasH-master\Tools\PartioViewer\main.cpp)
C:\Users\WeiXi\OneDrive\桌面\SPlisHSPlasH-master\Tools\PartioViewer\GUI\OpenGL\PartioViewer_OpenGL.cpp(315): warning C4244: “初始化”: 从“double”转换到“Real”，可能丢失数据 (编译源文件 C:\Users\WeiXi\OneDrive\桌面\SPlisHSPlasH-master\Tools\PartioViewer\GUI\OpenGL\PartioViewer_OpenGL.cpp)
C:\Users\WeiXi\OneDrive\桌面\SPlisHSPlasH-master\Tools\PartioViewer\GUI\OpenGL\PartioViewer_OpenGL.cpp(315): warning C4244: “初始化”: 从“double”转换到“const Real”，可能丢失数据 (编译源文件 C:\Users\WeiXi\OneDrive\桌面\SPlisHSPlasH-master\Tools\PartioViewer\GUI\OpenGL\PartioViewer_OpenGL.cpp)
C:\Users\WeiXi\OneDrive\桌面\SPlisHSPlasH-master\Tools\PartioViewer\PartioViewer.cpp(137): warning C4018: “<”: 有符号/无符号不匹配 (编译源文件 C:\Users\WeiXi\OneDrive\桌面\SPlisHSPlasH-master\Tools\PartioViewer\PartioViewer.cpp)
C:\Users\WeiXi\OneDrive\桌面\SPlisHSPlasH-master\Tools\PartioViewer\PartioViewer.cpp(156): warning C4018: “<”: 有符号/无符号不匹配 (编译源文件 C:\Users\WeiXi\OneDrive\桌面\SPlisHSPlasH-master\Tools\PartioViewer\PartioViewer.cpp)
C:\Users\WeiXi\OneDrive\桌面\SPlisHSPlasH-master\Tools\PartioViewer\PartioViewer.cpp(182): warning C4018: “<”: 有符号/无符号不匹配 (编译源文件 C:\Users\WeiXi\OneDrive\桌面\SPlisHSPlasH-master\Tools\PartioViewer\PartioViewer.cpp)
C:\Users\WeiXi\OneDrive\桌面\SPlisHSPlasH-master\Tools\PartioViewer\PartioViewer.cpp(199): warning C4018: “<”: 有符号/无符号不匹配 (编译源文件 C:\Users\WeiXi\OneDrive\桌面\SPlisHSPlasH-master\Tools\PartioViewer\PartioViewer.cpp)
C:\Users\WeiXi\OneDrive\桌面\SPlisHSPlasH-master\Tools\PartioViewer\PartioViewer.cpp(556): warning C4018: “<”: 有符号/无符号不匹配 (编译源文件 C:\Users\WeiXi\OneDrive\桌面\SPlisHSPlasH-master\Tools\PartioViewer\PartioViewer.cpp)
C:\Users\WeiXi\OneDrive\桌面\SPlisHSPlasH-master\Tools\PartioViewer\GUI\TweakBar\PartioViewer_GUI_TweakBar.cpp(292): warning C4018: “<”: 有符号/无符号不匹配 (编译源文件 C:\Users\WeiXi\OneDrive\桌面\SPlisHSPlasH-master\Tools\PartioViewer\GUI\TweakBar\PartioViewer_GUI_TweakBar.cpp)
C:\Users\WeiXi\OneDrive\桌面\SPlisHSPlasH-master\Tools\PartioViewer\GUI\TweakBar\PartioViewer_GUI_TweakBar.cpp(306): warning C4018: “<”: 有符号/无符号不匹配 (编译源文件 C:\Users\WeiXi\OneDrive\桌面\SPlisHSPlasH-master\Tools\PartioViewer\GUI\TweakBar\PartioViewer_GUI_TweakBar.cpp)
    正在创建库 C:/Users/WeiXi/OneDrive/桌面/SPlisHSPlasH-master/Tools/PartioViewer/Release/PartioViewer.lib 和对象 C:/Users/WeiXi/OneDrive/桌面/SPlisHSPlasH-master/Tools/PartioViewer/Release/PartioViewer.exp
  PartioViewer.vcxproj -> C:\Users\WeiXi\OneDrive\桌面\SPlisHSPlasH-master\bin\PartioViewer.exe
