c:\users\weixi\onedrive\桌面\splishsplash-master\tools\partioviewer\partioviewer.dir\release\main.obj
c:\users\weixi\onedrive\桌面\splishsplash-master\tools\partioviewer\partioviewer.dir\release\partioviewer.obj
c:\users\weixi\onedrive\桌面\splishsplash-master\tools\partioviewer\partioviewer.dir\release\toojpeg.obj
c:\users\weixi\onedrive\桌面\splishsplash-master\tools\partioviewer\partioviewer.dir\release\shader.obj
c:\users\weixi\onedrive\桌面\splishsplash-master\tools\partioviewer\partioviewer.dir\release\tweakbarparameters.obj
c:\users\weixi\onedrive\桌面\splishsplash-master\tools\partioviewer\partioviewer.dir\release\minigl.obj
c:\users\weixi\onedrive\桌面\splishsplash-master\tools\partioviewer\partioviewer.dir\release\partioviewer_gui_tweakbar.obj
c:\users\weixi\onedrive\桌面\splishsplash-master\tools\partioviewer\partioviewer.dir\release\partioviewer_opengl.obj
c:\users\weixi\onedrive\桌面\splishsplash-master\tools\partioviewer\cmakefiles\generate.stamp
c:\users\weixi\onedrive\桌面\splishsplash-master\bin\partioviewer.exe
c:\users\weixi\onedrive\桌面\splishsplash-master\tools\partioviewer\release\partioviewer.lib
c:\users\weixi\onedrive\桌面\splishsplash-master\tools\partioviewer\release\partioviewer.exp
c:\users\weixi\onedrive\桌面\splishsplash-master\tools\partioviewer\partioviewer.dir\release\partioviewer.tlog\cl.10520.write.1.tlog
c:\users\weixi\onedrive\桌面\splishsplash-master\tools\partioviewer\partioviewer.dir\release\partioviewer.tlog\cl.command.1.tlog
c:\users\weixi\onedrive\桌面\splishsplash-master\tools\partioviewer\partioviewer.dir\release\partioviewer.tlog\cl.read.1.tlog
c:\users\weixi\onedrive\桌面\splishsplash-master\tools\partioviewer\partioviewer.dir\release\partioviewer.tlog\custombuild.command.1.tlog
c:\users\weixi\onedrive\桌面\splishsplash-master\tools\partioviewer\partioviewer.dir\release\partioviewer.tlog\custombuild.read.1.tlog
c:\users\weixi\onedrive\桌面\splishsplash-master\tools\partioviewer\partioviewer.dir\release\partioviewer.tlog\custombuild.write.1.tlog
c:\users\weixi\onedrive\桌面\splishsplash-master\tools\partioviewer\partioviewer.dir\release\partioviewer.tlog\link.command.1.tlog
c:\users\weixi\onedrive\桌面\splishsplash-master\tools\partioviewer\partioviewer.dir\release\partioviewer.tlog\link.read.1.tlog
c:\users\weixi\onedrive\桌面\splishsplash-master\tools\partioviewer\partioviewer.dir\release\partioviewer.tlog\link.write.1.tlog
c:\users\weixi\onedrive\桌面\splishsplash-master\tools\partioviewer\partioviewer.dir\release\partioviewer.tlog\partioviewer.write.1u.tlog
