c:\users\weixi\onedrive\桌面\splishsplash-master\simulator\simulatorbase.dir\release\boundarysimulator.obj
c:\users\weixi\onedrive\桌面\splishsplash-master\simulator\simulatorbase.dir\release\tweakbarparameters.obj
c:\users\weixi\onedrive\桌面\splishsplash-master\simulator\simulatorbase.dir\release\staticboundarysimulator.obj
c:\users\weixi\onedrive\桌面\splishsplash-master\simulator\simulatorbase.dir\release\simulatorbase.obj
c:\users\weixi\onedrive\桌面\splishsplash-master\simulator\simulatorbase.dir\release\minigl.obj
c:\users\weixi\onedrive\桌面\splishsplash-master\simulator\simulatorbase.dir\release\pbdboundarysimulator.obj
c:\users\weixi\onedrive\桌面\splishsplash-master\simulator\simulatorbase.dir\release\shader.obj
c:\users\weixi\onedrive\桌面\splishsplash-master\simulator\simulatorbase.dir\release\simulator_gui_tweakbar.obj
c:\users\weixi\onedrive\桌面\splishsplash-master\simulator\simulatorbase.dir\release\pbd_simulator_gui_tweakbar.obj
c:\users\weixi\onedrive\桌面\splishsplash-master\simulator\simulatorbase.dir\release\simulator_opengl.obj
c:\users\weixi\onedrive\桌面\splishsplash-master\simulator\simulatorbase.dir\release\pbdwrapper.obj
c:\users\weixi\onedrive\桌面\splishsplash-master\simulator\cmakefiles\generate.stamp
c:\users\weixi\onedrive\桌面\splishsplash-master\lib\release\simulatorbase.lib
c:\users\weixi\onedrive\桌面\splishsplash-master\simulator\simulatorbase.dir\release\simulatorbase.tlog\cl.12380.write.1.tlog
c:\users\weixi\onedrive\桌面\splishsplash-master\simulator\simulatorbase.dir\release\simulatorbase.tlog\cl.command.1.tlog
c:\users\weixi\onedrive\桌面\splishsplash-master\simulator\simulatorbase.dir\release\simulatorbase.tlog\cl.read.1.tlog
c:\users\weixi\onedrive\桌面\splishsplash-master\simulator\simulatorbase.dir\release\simulatorbase.tlog\custombuild.command.1.tlog
c:\users\weixi\onedrive\桌面\splishsplash-master\simulator\simulatorbase.dir\release\simulatorbase.tlog\custombuild.read.1.tlog
c:\users\weixi\onedrive\桌面\splishsplash-master\simulator\simulatorbase.dir\release\simulatorbase.tlog\custombuild.write.1.tlog
c:\users\weixi\onedrive\桌面\splishsplash-master\simulator\simulatorbase.dir\release\simulatorbase.tlog\lib-link.read.1.tlog
c:\users\weixi\onedrive\桌面\splishsplash-master\simulator\simulatorbase.dir\release\simulatorbase.tlog\lib-link.write.1.tlog
c:\users\weixi\onedrive\桌面\splishsplash-master\simulator\simulatorbase.dir\release\simulatorbase.tlog\lib.command.1.tlog
