c:\users\weixi\onedrive\桌面\splishsplash-master\cmakefiles\generate.stamp
c:\users\weixi\onedrive\桌面\splishsplash-master\extern\zlib\cmakefiles\generate.stamp
c:\users\weixi\onedrive\桌面\splishsplash-master\extern\partio\cmakefiles\generate.stamp
c:\users\weixi\onedrive\桌面\splishsplash-master\extern\partio\src\lib\cmakefiles\generate.stamp
c:\users\weixi\onedrive\桌面\splishsplash-master\extern\md5\cmakefiles\generate.stamp
c:\users\weixi\onedrive\桌面\splishsplash-master\extern\tinyexpr\cmakefiles\generate.stamp
c:\users\weixi\onedrive\桌面\splishsplash-master\extern\anttweakbar\cmakefiles\generate.stamp
c:\users\weixi\onedrive\桌面\splishsplash-master\extern\glew\cmakefiles\generate.stamp
c:\users\weixi\onedrive\桌面\splishsplash-master\extern\freeglut\cmakefiles\generate.stamp
c:\users\weixi\onedrive\桌面\splishsplash-master\extern\freeglut\src\cmakefiles\generate.stamp
c:\users\weixi\onedrive\桌面\splishsplash-master\extern\pybind\cmakefiles\generate.stamp
c:\users\weixi\onedrive\桌面\splishsplash-master\splishsplash\cmakefiles\generate.stamp
c:\users\weixi\onedrive\桌面\splishsplash-master\utilities\cmakefiles\generate.stamp
c:\users\weixi\onedrive\桌面\splishsplash-master\tools\cmakefiles\generate.stamp
c:\users\weixi\onedrive\桌面\splishsplash-master\tools\partioviewer\cmakefiles\generate.stamp
c:\users\weixi\onedrive\桌面\splishsplash-master\tools\surfacesampling\cmakefiles\generate.stamp
c:\users\weixi\onedrive\桌面\splishsplash-master\tools\volumesampling\cmakefiles\generate.stamp
c:\users\weixi\onedrive\桌面\splishsplash-master\tools\partio2vtk\cmakefiles\generate.stamp
c:\users\weixi\onedrive\桌面\splishsplash-master\simulator\cmakefiles\generate.stamp
c:\users\weixi\onedrive\桌面\splishsplash-master\tests\cmakefiles\generate.stamp
c:\users\weixi\onedrive\桌面\splishsplash-master\tests\kernel\cmakefiles\generate.stamp
c:\users\weixi\onedrive\桌面\splishsplash-master\pysplash\cmakefiles\generate.stamp
c:\users\weixi\onedrive\桌面\splishsplash-master\win32\release\zero_check\zero_check.tlog\custombuild.command.1.tlog
c:\users\weixi\onedrive\桌面\splishsplash-master\win32\release\zero_check\zero_check.tlog\custombuild.read.1.tlog
c:\users\weixi\onedrive\桌面\splishsplash-master\win32\release\zero_check\zero_check.tlog\custombuild.write.1.tlog
