c:\users\weixi\onedrive\桌面\splishsplash-master\pysplash\pysplash.dir\release\nonpressureforcebasemodule.obj
c:\users\weixi\onedrive\桌面\splishsplash-master\pysplash\pysplash.dir\release\iisphmodule.obj
c:\users\weixi\onedrive\桌面\splishsplash-master\pysplash\pysplash.dir\release\animationfieldmodule.obj
c:\users\weixi\onedrive\桌面\splishsplash-master\pysplash\pysplash.dir\release\trianglemeshmodule.obj
c:\users\weixi\onedrive\桌面\splishsplash-master\pysplash\pysplash.dir\release\surfacetensionmodule.obj
c:\users\weixi\onedrive\桌面\splishsplash-master\pysplash\pysplash.dir\release\fluidmodelmodule.obj
c:\users\weixi\onedrive\桌面\splishsplash-master\pysplash\pysplash.dir\release\simulationmodule.obj
c:\users\weixi\onedrive\桌面\splishsplash-master\pysplash\pysplash.dir\release\boundarymodelmodule.obj
c:\users\weixi\onedrive\桌面\splishsplash-master\pysplash\pysplash.dir\release\main.obj
c:\users\weixi\onedrive\桌面\splishsplash-master\pysplash\pysplash.dir\release\pfmodule.obj
c:\users\weixi\onedrive\桌面\splishsplash-master\pysplash\pysplash.dir\release\sphkernelsmodule.obj
c:\users\weixi\onedrive\桌面\splishsplash-master\pysplash\pysplash.dir\release\extrasmodule.obj
c:\users\weixi\onedrive\桌面\splishsplash-master\pysplash\pysplash.dir\release\dfsphmodule.obj
c:\users\weixi\onedrive\桌面\splishsplash-master\pysplash\pysplash.dir\release\guimodule.obj
c:\users\weixi\onedrive\桌面\splishsplash-master\pysplash\pysplash.dir\release\staticrigidbodymodule.obj
c:\users\weixi\onedrive\桌面\splishsplash-master\pysplash\pysplash.dir\release\viscositymodule.obj
c:\users\weixi\onedrive\桌面\splishsplash-master\pysplash\pysplash.dir\release\dragmodule.obj
c:\users\weixi\onedrive\桌面\splishsplash-master\pysplash\pysplash.dir\release\pbfmodule.obj
c:\users\weixi\onedrive\桌面\splishsplash-master\pysplash\pysplash.dir\release\parameterobjectmodule.obj
c:\users\weixi\onedrive\桌面\splishsplash-master\pysplash\pysplash.dir\release\pcisphmodule.obj
c:\users\weixi\onedrive\桌面\splishsplash-master\pysplash\pysplash.dir\release\utilitiesmodule.obj
c:\users\weixi\onedrive\桌面\splishsplash-master\pysplash\pysplash.dir\release\elasticitymodule.obj
c:\users\weixi\onedrive\桌面\splishsplash-master\pysplash\pysplash.dir\release\vorticitymodule.obj
c:\users\weixi\onedrive\桌面\splishsplash-master\pysplash\pysplash.dir\release\timemodule.obj
c:\users\weixi\onedrive\桌面\splishsplash-master\pysplash\pysplash.dir\release\wcsphmodule.obj
c:\users\weixi\onedrive\桌面\splishsplash-master\pysplash\pysplash.dir\release\emittermodule.obj
c:\users\weixi\onedrive\桌面\splishsplash-master\pysplash\cmakefiles\generate.stamp
c:\users\weixi\onedrive\桌面\splishsplash-master\lib\release\pysplash.cp38-win32.pyd
c:\users\weixi\onedrive\桌面\splishsplash-master\lib\release\pysplash.lib
c:\users\weixi\onedrive\桌面\splishsplash-master\lib\release\pysplash.exp
c:\users\weixi\onedrive\桌面\splishsplash-master\pysplash\pysplash.dir\release\pysplash.tlog\cl.10004.write.1.tlog
c:\users\weixi\onedrive\桌面\splishsplash-master\pysplash\pysplash.dir\release\pysplash.tlog\cl.command.1.tlog
c:\users\weixi\onedrive\桌面\splishsplash-master\pysplash\pysplash.dir\release\pysplash.tlog\cl.read.1.tlog
c:\users\weixi\onedrive\桌面\splishsplash-master\pysplash\pysplash.dir\release\pysplash.tlog\custombuild.command.1.tlog
c:\users\weixi\onedrive\桌面\splishsplash-master\pysplash\pysplash.dir\release\pysplash.tlog\custombuild.read.1.tlog
c:\users\weixi\onedrive\桌面\splishsplash-master\pysplash\pysplash.dir\release\pysplash.tlog\custombuild.write.1.tlog
c:\users\weixi\onedrive\桌面\splishsplash-master\pysplash\pysplash.dir\release\pysplash.tlog\link.command.1.tlog
c:\users\weixi\onedrive\桌面\splishsplash-master\pysplash\pysplash.dir\release\pysplash.tlog\link.read.1.tlog
c:\users\weixi\onedrive\桌面\splishsplash-master\pysplash\pysplash.dir\release\pysplash.tlog\link.write.1.tlog
c:\users\weixi\onedrive\桌面\splishsplash-master\pysplash\pysplash.dir\release\pysplash.tlog\pysplash.write.1u.tlog
