  Building Custom Rule C:/Users/WeiXi/OneDrive/桌面/SPlisHSPlasH-master/PySPlasH/CMakeLists.txt
  main.cpp
  AnimationFieldModule.cpp
  BoundaryModelModule.cpp
  ParameterObjectModule.cpp
  UtilitiesModule.cpp
  SPHKernelsModule.cpp
  EmitterModule.cpp
  FluidModelModule.cpp
  NonPressureForceBaseModule.cpp
  SimulationModule.cpp
  StaticRigidBodyModule.cpp
  TimeModule.cpp
  TriangleMeshModule.cpp
  DFSPHModule.cpp
  DragModule.cpp
  ElasticityModule.cpp
  IISPHModule.cpp
  PBFModule.cpp
  PCISPHModule.cpp
  PFModule.cpp
  SurfaceTensionModule.cpp
  ViscosityModule.cpp
  VorticityModule.cpp
  WCSPHModule.cpp
  GUIModule.cpp
  ExtrasModule.cpp
C:\Users\WeiXi\OneDrive\桌面\SPlisHSPlasH-master\PySPlasH\ViscosityModule.cpp(129): warning C4506: 内联函数“void SPH::Viscosity_Peer2015::diagonalMatrixElement(const unsigned int,Real &,void *)”没有定义 (编译源文件 C:\Users\WeiXi\OneDrive\桌面\SPlisHSPlasH-master\PySPlasH\ViscosityModule.cpp)
C:\Users\WeiXi\OneDrive\桌面\SPlisHSPlasH-master\PySPlasH\ViscosityModule.cpp(129): warning C4506: 内联函数“void SPH::Viscosity_Peer2016::diagonalMatrixElementV(const unsigned int,Real &,void *)”没有定义 (编译源文件 C:\Users\WeiXi\OneDrive\桌面\SPlisHSPlasH-master\PySPlasH\ViscosityModule.cpp)
C:\Users\WeiXi\OneDrive\桌面\SPlisHSPlasH-master\PySPlasH\ViscosityModule.cpp(129): warning C4506: 内联函数“void SPH::Viscosity_Peer2016::diagonalMatrixElementOmega(const unsigned int,Real &,void *)”没有定义 (编译源文件 C:\Users\WeiXi\OneDrive\桌面\SPlisHSPlasH-master\PySPlasH\ViscosityModule.cpp)
    正在创建库 C:/Users/WeiXi/OneDrive/桌面/SPlisHSPlasH-master/lib/Release/pysplash.lib 和对象 C:/Users/WeiXi/OneDrive/桌面/SPlisHSPlasH-master/lib/Release/pysplash.exp
  正在生成代码
  已完成代码的生成
  pysplash.vcxproj -> C:\Users\WeiXi\OneDrive\桌面\SPlisHSPlasH-master\lib\Release\pysplash.cp38-win32.pyd
