c:\users\weixi\onedrive\桌面\splishsplash-master\splishsplash\splishsplash.dir\release\emittersystem.obj
c:\users\weixi\onedrive\桌面\splishsplash-master\splishsplash\splishsplash.dir\release\simulationdatadfsph.obj
c:\users\weixi\onedrive\桌面\splishsplash-master\splishsplash\splishsplash.dir\release\surfacetension_becker2007.obj
c:\users\weixi\onedrive\桌面\splishsplash-master\splishsplash\splishsplash.dir\release\poissondisksampling.obj
c:\users\weixi\onedrive\桌面\splishsplash-master\splishsplash\splishsplash.dir\release\boundarymodel_koschier2017.obj
c:\users\weixi\onedrive\桌面\splishsplash-master\splishsplash\splishsplash.dir\release\viscosity_standard.obj
c:\users\weixi\onedrive\桌面\splishsplash-master\splishsplash\splishsplash.dir\release\boundarymodel.obj
c:\users\weixi\onedrive\桌面\splishsplash-master\splishsplash\splishsplash.dir\release\timeintegration.obj
c:\users\weixi\onedrive\桌面\splishsplash-master\splishsplash\splishsplash.dir\release\viscositybase.obj
c:\users\weixi\onedrive\桌面\splishsplash-master\splishsplash\splishsplash.dir\release\surfacetensionbase.obj
c:\users\weixi\onedrive\桌面\splishsplash-master\splishsplash\splishsplash.dir\release\vorticityconfinement.obj
c:\users\weixi\onedrive\桌面\splishsplash-master\splishsplash\splishsplash.dir\release\regulartrianglesampling.obj
c:\users\weixi\onedrive\桌面\splishsplash-master\splishsplash\splishsplash.dir\release\windingnumbers.obj
c:\users\weixi\onedrive\桌面\splishsplash-master\splishsplash\splishsplash.dir\release\timemanager.obj
c:\users\weixi\onedrive\桌面\splishsplash-master\splishsplash\splishsplash.dir\release\timestepwcsph.obj
c:\users\weixi\onedrive\桌面\splishsplash-master\splishsplash\splishsplash.dir\release\viscosity_takahashi2015.obj
c:\users\weixi\onedrive\桌面\splishsplash-master\splishsplash\splishsplash.dir\release\trianglemesh.obj
c:\users\weixi\onedrive\桌面\splishsplash-master\splishsplash\splishsplash.dir\release\simulationdatapcisph.obj
c:\users\weixi\onedrive\桌面\splishsplash-master\splishsplash\splishsplash.dir\release\viscosity_peer2016.obj
c:\users\weixi\onedrive\桌面\splishsplash-master\splishsplash\splishsplash.dir\release\sphkernels.obj
c:\users\weixi\onedrive\桌面\splishsplash-master\splishsplash\splishsplash.dir\release\timesteppcisph.obj
c:\users\weixi\onedrive\桌面\splishsplash-master\splishsplash\splishsplash.dir\release\viscosity_weiler2018.obj
c:\users\weixi\onedrive\桌面\splishsplash-master\splishsplash\splishsplash.dir\release\timestep.obj
c:\users\weixi\onedrive\桌面\splishsplash-master\splishsplash\splishsplash.dir\release\vorticitybase.obj
c:\users\weixi\onedrive\桌面\splishsplash-master\splishsplash\splishsplash.dir\release\dragforce_macklin2014.obj
c:\users\weixi\onedrive\桌面\splishsplash-master\splishsplash\splishsplash.dir\release\mathfunctions.obj
c:\users\weixi\onedrive\桌面\splishsplash-master\splishsplash\splishsplash.dir\release\fluidmodel.obj
c:\users\weixi\onedrive\桌面\splishsplash-master\splishsplash\splishsplash.dir\release\viscosity_xsph.obj
c:\users\weixi\onedrive\桌面\splishsplash-master\splishsplash\splishsplash.dir\release\elasticity_becker2009.obj
c:\users\weixi\onedrive\桌面\splishsplash-master\splishsplash\splishsplash.dir\release\simulation.obj
c:\users\weixi\onedrive\桌面\splishsplash-master\splishsplash\splishsplash.dir\release\viscosity_peer2015.obj
c:\users\weixi\onedrive\桌面\splishsplash-master\splishsplash\splishsplash.dir\release\nonpressureforcebase.obj
c:\users\weixi\onedrive\桌面\splishsplash-master\splishsplash\splishsplash.dir\release\simulationdatapbf.obj
c:\users\weixi\onedrive\桌面\splishsplash-master\splishsplash\splishsplash.dir\release\viscosity_bender2017.obj
c:\users\weixi\onedrive\桌面\splishsplash-master\splishsplash\splishsplash.dir\release\simulationdatawcsph.obj
c:\users\weixi\onedrive\桌面\splishsplash-master\splishsplash\splishsplash.dir\release\simulationdataiisph.obj
c:\users\weixi\onedrive\桌面\splishsplash-master\splishsplash\splishsplash.dir\release\surfacetension_akinci2013.obj
c:\users\weixi\onedrive\桌面\splishsplash-master\splishsplash\splishsplash.dir\release\sceneloader.obj
c:\users\weixi\onedrive\桌面\splishsplash-master\splishsplash\splishsplash.dir\release\boundarymodel_bender2019.obj
c:\users\weixi\onedrive\桌面\splishsplash-master\splishsplash\splishsplash.dir\release\timesteppf.obj
c:\users\weixi\onedrive\桌面\splishsplash-master\splishsplash\splishsplash.dir\release\elasticitybase.obj
c:\users\weixi\onedrive\桌面\splishsplash-master\splishsplash\splishsplash.dir\release\gaussquadrature.obj
c:\users\weixi\onedrive\桌面\splishsplash-master\splishsplash\splishsplash.dir\release\volumesampling.obj
c:\users\weixi\onedrive\桌面\splishsplash-master\splishsplash\splishsplash.dir\release\animationfieldsystem.obj
c:\users\weixi\onedrive\桌面\splishsplash-master\splishsplash\splishsplash.dir\release\timesteppbf.obj
c:\users\weixi\onedrive\桌面\splishsplash-master\splishsplash\splishsplash.dir\release\micropolarmodel_bender2017.obj
c:\users\weixi\onedrive\桌面\splishsplash-master\splishsplash\splishsplash.dir\release\simplequadrature.obj
c:\users\weixi\onedrive\桌面\splishsplash-master\splishsplash\splishsplash.dir\release\animationfield.obj
c:\users\weixi\onedrive\桌面\splishsplash-master\splishsplash\splishsplash.dir\release\timestepdfsph.obj
c:\users\weixi\onedrive\桌面\splishsplash-master\splishsplash\splishsplash.dir\release\dragforce_gissler2017.obj
c:\users\weixi\onedrive\桌面\splishsplash-master\splishsplash\splishsplash.dir\release\sdffunctions.obj
c:\users\weixi\onedrive\桌面\splishsplash-master\splishsplash\splishsplash.dir\release\boundarymodel_akinci2012.obj
c:\users\weixi\onedrive\桌面\splishsplash-master\splishsplash\splishsplash.dir\release\timestepiisph.obj
c:\users\weixi\onedrive\桌面\splishsplash-master\splishsplash\splishsplash.dir\release\dragbase.obj
c:\users\weixi\onedrive\桌面\splishsplash-master\splishsplash\splishsplash.dir\release\elasticity_peer2018.obj
c:\users\weixi\onedrive\桌面\splishsplash-master\splishsplash\splishsplash.dir\release\emitter.obj
c:\users\weixi\onedrive\桌面\splishsplash-master\splishsplash\splishsplash.dir\release\simulationdatapf.obj
c:\users\weixi\onedrive\桌面\splishsplash-master\splishsplash\splishsplash.dir\release\surfacetension_he2014.obj
c:\users\weixi\onedrive\桌面\splishsplash-master\splishsplash\splishsplash.dir\release\regularsampling2d.obj
c:\users\weixi\onedrive\桌面\splishsplash-master\splishsplash\cmakefiles\generate.stamp
c:\users\weixi\onedrive\桌面\splishsplash-master\lib\release\splishsplash.lib
c:\users\weixi\onedrive\桌面\splishsplash-master\splishsplash\splishsplash.dir\release\splishsplash.tlog\cl.11052.write.1.tlog
c:\users\weixi\onedrive\桌面\splishsplash-master\splishsplash\splishsplash.dir\release\splishsplash.tlog\cl.command.1.tlog
c:\users\weixi\onedrive\桌面\splishsplash-master\splishsplash\splishsplash.dir\release\splishsplash.tlog\cl.read.1.tlog
c:\users\weixi\onedrive\桌面\splishsplash-master\splishsplash\splishsplash.dir\release\splishsplash.tlog\custombuild.command.1.tlog
c:\users\weixi\onedrive\桌面\splishsplash-master\splishsplash\splishsplash.dir\release\splishsplash.tlog\custombuild.read.1.tlog
c:\users\weixi\onedrive\桌面\splishsplash-master\splishsplash\splishsplash.dir\release\splishsplash.tlog\custombuild.write.1.tlog
c:\users\weixi\onedrive\桌面\splishsplash-master\splishsplash\splishsplash.dir\release\splishsplash.tlog\lib-link.read.1.tlog
c:\users\weixi\onedrive\桌面\splishsplash-master\splishsplash\splishsplash.dir\release\splishsplash.tlog\lib-link.write.1.tlog
c:\users\weixi\onedrive\桌面\splishsplash-master\splishsplash\splishsplash.dir\release\splishsplash.tlog\lib.command.1.tlog
